2019-02-28T05:55:25.122Z - normal: Load ~/.CocosCreator/settings.json
2019-02-28T05:55:26.265Z - normal: Initializing Asset Database
2019-02-28T05:55:26.267Z - normal: checking language setting...
2019-02-28T05:55:26.267Z - normal: Language: zh
2019-02-28T05:55:26.827Z - success: preview server running at http://localhost:7456
2019-02-28T05:55:26.829Z - success: protocol editor-framework registered
2019-02-28T05:55:26.829Z - success: protocol app registered
2019-02-28T05:55:26.829Z - success: protocol theme registered
2019-02-28T05:55:26.829Z - success: protocol packages registered
2019-02-28T05:55:26.830Z - success: protocol uuid registerred
2019-02-28T05:55:26.830Z - success: protocol db registerred
2019-02-28T05:55:26.830Z - success: protocol thumbnail registerred
2019-02-28T05:55:26.830Z - success: protocol unpack registerred
2019-02-28T05:55:26.830Z - success: protocol disable-commonjs registerred
2019-02-28T05:55:27.031Z - normal: connected!
2019-02-28T05:55:27.033Z - normal: Check project F:\ZS\Space\CocosProjects\SlideGame
2019-02-28T05:55:27.036Z - normal: Initializing project F:\ZS\Space\CocosProjects\SlideGame
2019-02-28T05:55:27.626Z - normal: Initializing Cocos2d
2019-02-28T05:55:28.182Z - normal: Initializing engine extends
2019-02-28T05:55:28.197Z - success: asset-db-debugger loaded
2019-02-28T05:55:28.199Z - success: code-editor loaded
2019-02-28T05:55:28.199Z - success: color-picker loaded
2019-02-28T05:55:28.270Z - success: fb-audience-network loaded
2019-02-28T05:55:28.314Z - success: fb-live-stream loaded
2019-02-28T05:55:28.316Z - success: google-play-instant loaded
2019-02-28T05:55:28.319Z - success: huawei-runtime loaded
2019-02-28T05:55:28.320Z - success: jsb-adapter loaded
2019-02-28T05:55:28.323Z - success: oppo-runtime loaded
2019-02-28T05:55:28.325Z - success: package-manager loaded
2019-02-28T05:55:28.424Z - success: qqplay-adapter loaded
2019-02-28T05:55:28.425Z - success: runtime-dev-tools loaded
2019-02-28T05:55:28.428Z - success: sdkbox loaded
2019-02-28T05:55:28.430Z - success: tester loaded
2019-02-28T05:55:28.432Z - success: ui-grid loaded
2019-02-28T05:55:28.434Z - success: ui-kit-preview-extra loaded
2019-02-28T05:55:28.435Z - success: ui-kit-preview loaded
2019-02-28T05:55:28.436Z - success: ui-kit loaded
2019-02-28T05:55:28.437Z - success: ui-tree loaded
2019-02-28T05:55:28.439Z - success: vivo-runtime loaded
2019-02-28T05:55:28.440Z - success: weapp-adapter loaded
2019-02-28T05:55:28.483Z - success: assets loaded
2019-02-28T05:55:28.485Z - success: builder loaded
2019-02-28T05:55:28.704Z - success: cocos-services loaded
2019-02-28T05:55:28.707Z - success: console loaded
2019-02-28T05:55:28.735Z - success: fb-instant-games loaded
2019-02-28T05:55:28.737Z - success: google-instant-games loaded
2019-02-28T05:55:28.740Z - success: hierarchy loaded
2019-02-28T05:55:28.742Z - success: inspector loaded
2019-02-28T05:55:28.743Z - success: keystore loaded
2019-02-28T05:55:28.746Z - success: node-library loaded
2019-02-28T05:55:28.747Z - success: package-asset loaded
2019-02-28T05:55:28.748Z - success: preferences loaded
2019-02-28T05:55:28.749Z - success: project-exporter loaded
2019-02-28T05:55:28.750Z - success: project-importer loaded
2019-02-28T05:55:28.752Z - success: project-settings loaded
2019-02-28T05:55:28.755Z - success: scene loaded
2019-02-28T05:55:28.756Z - success: simulator-debugger loaded
2019-02-28T05:55:28.757Z - success: sprite-editor loaded
2019-02-28T05:55:28.760Z - success: store loaded
2019-02-28T05:55:28.763Z - success: timeline loaded
2019-02-28T05:55:29.502Z - failed: [db-task][init] Failed to import asset F:\ZS\Space\CocosProjects\SlideGame\assets\scripts\CardEnum.js, message: Compile error: SyntaxError: F:/ZS/Space/CocosProjects/SlideGame/assets/scripts/CardEnum.js: Unexpected token (3:8)
  1 | 
  2 | var CardColors = {
> 3 |     [1] = cc.Color(225,225,225,100),
    |         ^
  4 |     [2] = cc.Color(225,225,100,100),
  5 |     [3] = cc.Color(225,100,225,100),
  6 | }
    at Parser.pp$5.raise (E:\WorkSofts\CocosCreator\resources\app.asar\node_modules\babylon\lib\index.js:4454:13)
    at Parser.pp.unexpected (E:\WorkSofts\CocosCreator\resources\app.asar\node_modules\babylon\lib\index.js:1761:8)
    at Parser.pp$3.parseObjPropValue (E:\WorkSofts\CocosCreator\resources\app.asar\node_modules\babylon\lib\index.js:4142:19)
    at Parser.pp$3.parseObj (E:\WorkSofts\CocosCreator\resources\app.asar\node_modules\babylon\lib\index.js:4048:10)
    at Parser.pp$3.parseExprAtom (E:\WorkSofts\CocosCreator\resources\app.asar\node_modules\babylon\lib\index.js:3719:19)
    at Parser.pp$3.parseExprSubscripts (E:\WorkSofts\CocosCreator\resources\app.asar\node_modules\babylon\lib\index.js:3494:19)
    at Parser.pp$3.parseMaybeUnary (E:\WorkSofts\CocosCreator\resources\app.asar\node_modules\babylon\lib\index.js:3474:19)
    at Parser.pp$3.parseExprOps (E:\WorkSofts\CocosCreator\resources\app.asar\node_modules\babylon\lib\index.js:3404:19)
    at Parser.pp$3.parseMaybeConditional (E:\WorkSofts\CocosCreator\resources\app.asar\node_modules\babylon\lib\index.js:3381:19)
    at Parser.pp$3.parseMaybeAssign (E:\WorkSofts\CocosCreator\resources\app.asar\node_modules\babylon\lib\index.js:3344:19)
2019-02-28T05:55:29.503Z - failed: [db-task][init] Failed to import asset F:\ZS\Space\CocosProjects\SlideGame\assets\scripts\CardNode.js, message: Compile error: SyntaxError: F:/ZS/Space/CocosProjects/SlideGame/assets/scripts/CardNode.js: Unexpected token, expected , (9:19)
   7 |     name = "CardNode",
   8 |     properties: {
>  9 |         prefabb: cc.Node,
     |                    ^
  10 |         type: 0,
  11 |         num: 0,
  12 |         index: null
    at Parser.pp$5.raise (E:\WorkSofts\CocosCreator\resources\app.asar\node_modules\babylon\lib\index.js:4454:13)
    at Parser.pp.unexpected (E:\WorkSofts\CocosCreator\resources\app.asar\node_modules\babylon\lib\index.js:1761:8)
    at Parser.pp.expect (E:\WorkSofts\CocosCreator\resources\app.asar\node_modules\babylon\lib\index.js:1749:33)
    at Parser.pp$3.parseObj (E:\WorkSofts\CocosCreator\resources\app.asar\node_modules\babylon\lib\index.js:3978:12)
    at Parser.pp$3.parseExprAtom (E:\WorkSofts\CocosCreator\resources\app.asar\node_modules\babylon\lib\index.js:3719:19)
    at Parser.pp$3.parseExprSubscripts (E:\WorkSofts\CocosCreator\resources\app.asar\node_modules\babylon\lib\index.js:3494:19)
    at Parser.pp$3.parseMaybeUnary (E:\WorkSofts\CocosCreator\resources\app.asar\node_modules\babylon\lib\index.js:3474:19)
    at Parser.pp$3.parseExprOps (E:\WorkSofts\CocosCreator\resources\app.asar\node_modules\babylon\lib\index.js:3404:19)
    at Parser.pp$3.parseMaybeConditional (E:\WorkSofts\CocosCreator\resources\app.asar\node_modules\babylon\lib\index.js:3381:19)
    at Parser.pp$3.parseMaybeAssign (E:\WorkSofts\CocosCreator\resources\app.asar\node_modules\babylon\lib\index.js:3344:19)
2019-02-28T05:55:29.923Z - normal: Loading packages
2019-02-28T05:55:29.927Z - normal: Watching packages
2019-02-28T05:55:30.305Z - normal: Run Application
2019-02-28T05:55:30.665Z - info: Cocos Services load base data!
2019-02-28T05:55:35.856Z - warn: Please change the definition of property 'audioList' in class 'AudioManager'. Starting from v1.10,
properties in CCClass can not be abbreviated if they are of type RawAsset.
Please use the complete form.
For example, if property is Texture2D's url array, the previous definition is:
    audioList: [cc.Texture2D],
Now it should be changed to:
    audioList: {
      type: cc.Texture2D, // use 'type:' to define an array of Texture2D objects
      default: []
    },
(This helps us to successfully refactor all RawAssets at v2.0, sorry for the inconvenience. 😰 )
2019-02-28T05:55:35.858Z - failed: load script [CardNode] failed : Error: Cannot find module 'CardNode'
    at Module._resolveFilename (module.js:470:15)
    at Function.Module._resolveFilename [as _resolveFilenameVendor] (E:\WorkSofts\CocosCreator\resources\electron.asar\common\reset-search-paths.js:35:12)
    at Function.s._resolveFilename (E:\WorkSofts\CocosCreator\resources\app.asar\editor\page\project-scripts.js:1:941)
    at Function.Module._load (module.js:418:25)
    at Module.require (module.js:498:17)
    at require (internal/module.js:20:19)
    at Object.cc.require (E:\WorkSofts\CocosCreator\resources\app.asar\editor\page\project-scripts.js:1:589)
    at F:\ZS\Space\CocosProjects\SlideGame\temp\quick-scripts\assets\scripts\manager\CardManager.js:1:362
    at __define (F:\ZS\Space\CocosProjects\SlideGame\temp\quick-scripts\assets\scripts\manager\CardManager.js:12:16)
    at F:\ZS\Space\CocosProjects\SlideGame\temp\quick-scripts\assets\scripts\manager\CardManager.js:63:13
2019-02-28T05:55:35.858Z - failed: load script [CardColors] failed : Error: Cannot find module 'CardColors'
    at Module._resolveFilename (module.js:470:15)
    at Function.Module._resolveFilename [as _resolveFilenameVendor] (E:\WorkSofts\CocosCreator\resources\electron.asar\common\reset-search-paths.js:35:12)
    at Function.s._resolveFilename (E:\WorkSofts\CocosCreator\resources\app.asar\editor\page\project-scripts.js:1:941)
    at Function.Module._load (module.js:418:25)
    at Module.require (module.js:498:17)
    at require (internal/module.js:20:19)
    at Object.cc.require (E:\WorkSofts\CocosCreator\resources\app.asar\editor\page\project-scripts.js:1:589)
    at F:\ZS\Space\CocosProjects\SlideGame\temp\quick-scripts\assets\scripts\manager\CardManager.js:1:362
    at __define (F:\ZS\Space\CocosProjects\SlideGame\temp\quick-scripts\assets\scripts\manager\CardManager.js:13:18)
    at F:\ZS\Space\CocosProjects\SlideGame\temp\quick-scripts\assets\scripts\manager\CardManager.js:63:13
2019-02-28T05:55:35.859Z - warn: The 'type' attribute of 'CardManager.cardNodes' is undefined when loading script
2019-02-28T05:55:35.909Z - warn: Script attached to "CardNode" in scene "MainGame.fire" is missing or invalid. Detailed information:
Node path: "Canvas/Center/Content/CardNode"
Asset url: "db://assets/scenes/MainGame.fire"
Script UUID: "5b66fc31-ec11-4c4b-9449-fd7fed324877"
Class ID: "5b66fwx7BFMS5RJ/X/tMkh3"

2019-02-28T06:09:07.997Z - info: shutdown preview server
